TN:
SF:src/screens/entidade/entidadeScreen.tsx
FN:29,(anonymous_0)
FN:60,(anonymous_1)
FN:76,(anonymous_2)
FN:80,(anonymous_3)
FN:86,(anonymous_4)
FN:96,(anonymous_5)
FN:117,(anonymous_6)
FN:133,(anonymous_7)
FN:164,(anonymous_8)
FN:173,(anonymous_9)
FN:183,(anonymous_10)
FN:187,(anonymous_11)
FN:209,(anonymous_12)
FN:226,(anonymous_13)
FN:273,(anonymous_14)
FN:282,(anonymous_15)
FN:297,(anonymous_16)
FN:316,(anonymous_17)
FN:328,(anonymous_18)
FN:341,(anonymous_19)
FN:356,(anonymous_20)
FN:377,(anonymous_21)
FN:392,(anonymous_22)
FN:413,(anonymous_23)
FN:426,(anonymous_24)
FN:437,(anonymous_25)
FN:451,(anonymous_26)
FN:465,(anonymous_27)
FN:503,(anonymous_28)
FN:514,(anonymous_29)
FN:523,(anonymous_30)
FN:548,(anonymous_31)
FN:591,(anonymous_32)
FN:625,(anonymous_33)
FN:645,(anonymous_34)
FN:646,(anonymous_35)
FN:659,(anonymous_36)
FN:660,(anonymous_37)
FNF:38
FNH:23
FNDA:219,(anonymous_0)
FNDA:56,(anonymous_1)
FNDA:122,(anonymous_2)
FNDA:57,(anonymous_3)
FNDA:122,(anonymous_4)
FNDA:15,(anonymous_5)
FNDA:2,(anonymous_6)
FNDA:0,(anonymous_7)
FNDA:3,(anonymous_8)
FNDA:1,(anonymous_9)
FNDA:0,(anonymous_10)
FNDA:9,(anonymous_11)
FNDA:744,(anonymous_12)
FNDA:1,(anonymous_13)
FNDA:9,(anonymous_14)
FNDA:219,(anonymous_15)
FNDA:0,(anonymous_16)
FNDA:1,(anonymous_17)
FNDA:1,(anonymous_18)
FNDA:0,(anonymous_19)
FNDA:0,(anonymous_20)
FNDA:0,(anonymous_21)
FNDA:0,(anonymous_22)
FNDA:0,(anonymous_23)
FNDA:0,(anonymous_24)
FNDA:0,(anonymous_25)
FNDA:1,(anonymous_26)
FNDA:0,(anonymous_27)
FNDA:0,(anonymous_28)
FNDA:0,(anonymous_29)
FNDA:0,(anonymous_30)
FNDA:11,(anonymous_31)
FNDA:808,(anonymous_32)
FNDA:0,(anonymous_33)
FNDA:3,(anonymous_34)
FNDA:3,(anonymous_35)
FNDA:3,(anonymous_36)
FNDA:3,(anonymous_37)
DA:29,1
DA:30,219
DA:31,219
DA:33,219
DA:34,219
DA:35,219
DA:36,219
DA:37,219
DA:38,219
DA:39,219
DA:42,219
DA:43,219
DA:44,219
DA:57,219
DA:58,219
DA:60,219
DA:61,56
DA:62,56
DA:76,219
DA:77,122
DA:80,219
DA:81,57
DA:82,57
DA:83,57
DA:86,219
DA:87,122
DA:88,114
DA:89,114
DA:92,8
DA:93,8
DA:96,219
DA:97,15
DA:98,15
DA:99,4
DA:100,4
DA:102,11
DA:103,11
DA:117,219
DA:118,2
DA:119,2
DA:120,2
DA:133,219
DA:135,0
DA:136,0
DA:137,0
DA:139,0
DA:140,0
DA:141,0
DA:143,0
DA:144,0
DA:145,0
DA:148,0
DA:149,0
DA:150,0
DA:151,0
DA:152,0
DA:153,0
DA:154,0
DA:157,0
DA:158,0
DA:160,0
DA:164,219
DA:165,3
DA:174,1
DA:175,1
DA:176,1
DA:183,219
DA:184,0
DA:187,219
DA:188,9
DA:189,9
DA:190,0
DA:191,0
DA:193,9
DA:195,9
DA:196,0
DA:198,0
DA:204,9
DA:209,219
DA:210,744
DA:226,1
DA:273,9
DA:282,219
DA:283,219
DA:297,0
DA:316,1
DA:328,1
DA:342,0
DA:357,0
DA:378,0
DA:393,0
DA:413,0
DA:426,0
DA:437,0
DA:451,1
DA:465,0
DA:497,219
DA:503,0
DA:514,0
DA:548,11
DA:591,808
DA:626,0
DA:627,0
DA:646,3
DA:647,3
DA:648,3
DA:649,3
DA:660,3
DA:661,3
DA:662,3
DA:663,3
LF:111
LH:74
BRDA:87,0,0,114
BRDA:87,0,1,8
BRDA:98,1,0,4
BRDA:98,1,1,11
BRDA:135,2,0,0
BRDA:135,2,1,0
BRDA:139,3,0,0
BRDA:139,3,1,0
BRDA:143,4,0,0
BRDA:143,4,1,0
BRDA:149,5,0,0
BRDA:149,5,1,0
BRDA:152,6,0,0
BRDA:152,6,1,0
BRDA:152,7,0,0
BRDA:152,7,1,0
BRDA:189,8,0,0
BRDA:189,8,1,9
BRDA:195,9,0,0
BRDA:195,9,1,9
BRDA:261,10,0,647
BRDA:261,10,1,97
BRDA:301,11,0,219
BRDA:301,11,1,14
BRDA:302,12,0,219
BRDA:302,12,1,3
BRDA:303,13,0,219
BRDA:303,13,1,1
BRDA:342,14,0,0
BRDA:342,14,1,0
BRDA:349,15,0,219
BRDA:349,15,1,1
BRDA:357,16,0,0
BRDA:357,16,1,0
BRDA:364,17,0,219
BRDA:364,17,1,218
BRDA:378,18,0,0
BRDA:378,18,1,0
BRDA:385,19,0,219
BRDA:385,19,1,219
BRDA:393,20,0,0
BRDA:393,20,1,0
BRDA:400,21,0,219
BRDA:400,21,1,0
BRDA:474,22,0,219
BRDA:474,22,1,218
BRDA:487,23,0,14
BRDA:487,23,1,204
BRDA:499,24,0,219
BRDA:499,24,1,6
BRDA:504,25,0,0
BRDA:504,25,1,6
BRDA:510,26,0,6
BRDA:510,26,1,0
BRDA:520,27,0,219
BRDA:520,27,1,213
BRDA:539,28,0,3
BRDA:539,28,1,216
BRDA:599,29,0,16
BRDA:599,29,1,203
BRDA:612,30,0,219
BRDA:612,30,1,9
BRDA:612,30,2,9
BRDA:639,31,0,0
BRDA:639,31,1,9
BRDA:649,32,0,3
BRDA:649,32,1,0
BRDA:663,33,0,3
BRDA:663,33,1,0
BRF:69
BRH:41
end_of_record
