TN:
SF:src/components/entity/EntityForm.styles.native.ts
FNF:0
FNH:0
LF:0
LH:0
BRF:0
BRH:0
end_of_record
TN:
SF:src/components/entity/EntityForm.styles.web.ts
FNF:0
FNH:0
DA:4,0
LF:1
LH:0
BRF:0
BRH:0
end_of_record
TN:
SF:src/components/entity/EntityForm.tsx
FN:14,(anonymous_0)
FN:28,(anonymous_1)
FN:39,(anonymous_2)
FN:70,(anonymous_3)
FN:70,(anonymous_4)
FN:89,(anonymous_5)
FN:89,(anonymous_6)
FN:108,(anonymous_7)
FN:108,(anonymous_8)
FN:119,(anonymous_9)
FN:119,(anonymous_10)
FNF:11
FNH:9
FNDA:53,(anonymous_0)
FNDA:18,(anonymous_1)
FNDA:5,(anonymous_2)
FNDA:5,(anonymous_3)
FNDA:5,(anonymous_4)
FNDA:5,(anonymous_5)
FNDA:5,(anonymous_6)
FNDA:5,(anonymous_7)
FNDA:5,(anonymous_8)
FNDA:0,(anonymous_9)
FNDA:0,(anonymous_10)
DA:14,1
DA:20,53
DA:21,53
DA:28,53
DA:29,18
DA:30,2
DA:39,53
DA:40,5
DA:41,3
DA:42,3
DA:45,2
DA:46,2
DA:48,1
DA:52,53
DA:70,5
DA:89,5
DA:108,5
DA:119,0
LF:18
LH:17
BRDA:18,0,0,47
BRDA:29,1,0,2
BRDA:29,1,1,16
BRDA:40,2,0,3
BRDA:40,2,1,2
BRDA:40,3,0,5
BRDA:40,3,1,4
BRDA:40,3,2,3
BRDA:55,4,0,6
BRDA:55,4,1,47
BRDA:121,5,0,53
BRDA:121,5,1,0
BRDA:140,6,0,6
BRDA:140,6,1,47
BRDA:140,7,0,6
BRDA:140,7,1,41
BRF:16
BRH:15
end_of_record
TN:
SF:src/components/entity/EntityList.styles.native.ts
FNF:0
FNH:0
LF:0
LH:0
BRF:0
BRH:0
end_of_record
TN:
SF:src/components/entity/EntityList.styles.web.ts
FNF:0
FNH:0
DA:4,0
LF:1
LH:0
BRF:0
BRH:0
end_of_record
TN:
SF:src/components/entity/EntityList.tsx
FN:15,(anonymous_0)
FN:24,(anonymous_1)
FN:33,(anonymous_2)
FN:86,(anonymous_3)
FN:113,(anonymous_4)
FN:119,(anonymous_5)
FNF:6
FNH:5
FNDA:32,(anonymous_0)
FNDA:1,(anonymous_1)
FNDA:0,(anonymous_2)
FNDA:58,(anonymous_3)
FNDA:1,(anonymous_4)
FNDA:1,(anonymous_5)
DA:15,1
DA:22,32
DA:24,32
DA:25,1
DA:33,0
DA:39,32
DA:40,2
DA:50,30
DA:87,58
DA:113,1
DA:119,1
LF:11
LH:10
BRDA:39,0,0,2
BRDA:39,0,1,30
BRDA:64,1,0,4
BRDA:64,1,1,26
BRDA:102,2,0,30
BRDA:102,2,1,28
BRDA:107,3,0,30
BRDA:107,3,1,28
BRF:8
BRH:8
end_of_record
TN:
SF:src/components/layout/MobileFooter.tsx
FN:30,(anonymous_0)
FN:35,(anonymous_1)
FN:51,(anonymous_2)
FN:59,(anonymous_3)
FN:67,(anonymous_4)
FN:75,(anonymous_5)
FN:83,(anonymous_6)
FN:92,(anonymous_7)
FN:98,(anonymous_8)
FN:104,(anonymous_9)
FN:125,(anonymous_10)
FN:143,(anonymous_11)
FN:157,(anonymous_12)
FN:161,(anonymous_13)
FN:177,(anonymous_14)
FN:190,(anonymous_15)
FNF:16
FNH:0
FNDA:0,(anonymous_0)
FNDA:0,(anonymous_1)
FNDA:0,(anonymous_2)
FNDA:0,(anonymous_3)
FNDA:0,(anonymous_4)
FNDA:0,(anonymous_5)
FNDA:0,(anonymous_6)
FNDA:0,(anonymous_7)
FNDA:0,(anonymous_8)
FNDA:0,(anonymous_9)
FNDA:0,(anonymous_10)
FNDA:0,(anonymous_11)
FNDA:0,(anonymous_12)
FNDA:0,(anonymous_13)
FNDA:0,(anonymous_14)
FNDA:0,(anonymous_15)
DA:28,0
DA:30,0
DA:31,0
DA:32,0
DA:33,0
DA:35,0
DA:36,0
DA:44,0
DA:51,0
DA:59,0
DA:67,0
DA:75,0
DA:83,0
DA:87,0
DA:92,0
DA:98,0
DA:104,0
DA:108,0
DA:109,0
DA:112,0
DA:126,0
DA:143,0
DA:157,0
DA:158,0
DA:159,0
DA:161,0
DA:162,0
DA:177,0
DA:178,0
DA:191,0
DA:195,0
DA:228,0
LF:32
LH:0
BRDA:30,0,0,0
BRDA:32,1,0,0
BRDA:32,1,1,0
BRDA:37,2,0,0
BRDA:37,2,1,0
BRDA:108,3,0,0
BRDA:108,3,1,0
BRDA:108,4,0,0
BRDA:108,4,1,0
BRDA:144,5,0,0
BRDA:144,5,1,0
BRDA:202,6,0,0
BRDA:202,6,1,0
BRDA:203,7,0,0
BRDA:203,7,1,0
BRDA:235,8,0,0
BRDA:235,8,1,0
BRDA:236,9,0,0
BRDA:236,9,1,0
BRF:19
BRH:0
end_of_record
TN:
SF:src/components/layout/MobileNavbar.tsx
FN:33,(anonymous_0)
FN:56,(anonymous_1)
FN:63,(anonymous_2)
FN:73,(anonymous_3)
FN:82,(anonymous_4)
FNF:5
FNH:0
FNDA:0,(anonymous_0)
FNDA:0,(anonymous_1)
FNDA:0,(anonymous_2)
FNDA:0,(anonymous_3)
FNDA:0,(anonymous_4)
DA:31,0
DA:33,0
DA:46,0
DA:47,0
DA:48,0
DA:49,0
DA:51,0
DA:52,0
DA:53,0
DA:56,0
DA:57,0
DA:58,0
DA:59,0
DA:63,0
DA:64,0
DA:73,0
DA:74,0
DA:82,0
DA:210,0
DA:212,0
LF:20
LH:0
BRDA:34,0,0,0
BRDA:47,1,0,0
BRDA:47,1,1,0
BRDA:51,2,0,0
BRDA:51,2,1,0
BRDA:52,3,0,0
BRDA:52,3,1,0
BRDA:53,4,0,0
BRDA:53,4,1,0
BRDA:65,5,0,0
BRDA:65,5,1,0
BRDA:75,6,0,0
BRDA:75,6,1,0
BRDA:210,7,0,0
BRDA:210,7,1,0
BRF:15
BRH:0
end_of_record
TN:
SF:src/components/layout/MobileSidebar.tsx
FN:50,(anonymous_0)
FN:70,(anonymous_1)
FN:71,(anonymous_2)
FN:72,(anonymous_3)
FN:73,(anonymous_4)
FN:74,(anonymous_5)
FN:75,(anonymous_6)
FN:76,(anonymous_7)
FN:80,(anonymous_8)
FN:86,(anonymous_9)
FN:94,(anonymous_10)
FN:104,(anonymous_11)
FN:151,(anonymous_12)
FN:157,(anonymous_13)
FN:161,(anonymous_14)
FN:166,(anonymous_15)
FN:173,(anonymous_16)
FN:178,(anonymous_17)
FN:275,(anonymous_18)
FN:290,(anonymous_19)
FN:306,(anonymous_20)
FN:321,(anonymous_21)
FN:338,(anonymous_22)
FN:345,(anonymous_23)
FN:346,(anonymous_24)
FN:374,(anonymous_25)
FN:381,(anonymous_26)
FN:382,(anonymous_27)
FNF:28
FNH:0
FNDA:0,(anonymous_0)
FNDA:0,(anonymous_1)
FNDA:0,(anonymous_2)
FNDA:0,(anonymous_3)
FNDA:0,(anonymous_4)
FNDA:0,(anonymous_5)
FNDA:0,(anonymous_6)
FNDA:0,(anonymous_7)
FNDA:0,(anonymous_8)
FNDA:0,(anonymous_9)
FNDA:0,(anonymous_10)
FNDA:0,(anonymous_11)
FNDA:0,(anonymous_12)
FNDA:0,(anonymous_13)
FNDA:0,(anonymous_14)
FNDA:0,(anonymous_15)
FNDA:0,(anonymous_16)
FNDA:0,(anonymous_17)
FNDA:0,(anonymous_18)
FNDA:0,(anonymous_19)
FNDA:0,(anonymous_20)
FNDA:0,(anonymous_21)
FNDA:0,(anonymous_22)
FNDA:0,(anonymous_23)
FNDA:0,(anonymous_24)
FNDA:0,(anonymous_25)
FNDA:0,(anonymous_26)
FNDA:0,(anonymous_27)
DA:48,0
DA:50,0
DA:56,0
DA:57,0
DA:58,0
DA:59,0
DA:60,0
DA:61,0
DA:62,0
DA:63,0
DA:64,0
DA:65,0
DA:66,0
DA:67,0
DA:69,0
DA:70,0
DA:71,0
DA:72,0
DA:73,0
DA:74,0
DA:75,0
DA:76,0
DA:80,0
DA:81,0
DA:82,0
DA:83,0
DA:86,0
DA:87,0
DA:88,0
DA:89,0
DA:90,0
DA:94,0
DA:95,0
DA:104,0
DA:105,0
DA:106,0
DA:127,0
DA:147,0
DA:151,0
DA:152,0
DA:153,0
DA:154,0
DA:156,0
DA:157,0
DA:161,0
DA:162,0
DA:163,0
DA:166,0
DA:167,0
DA:168,0
DA:169,0
DA:170,0
DA:173,0
DA:174,0
DA:175,0
DA:178,0
DA:179,0
DA:186,0
DA:188,0
DA:275,0
DA:290,0
DA:306,0
DA:321,0
DA:338,0
DA:339,0
DA:340,0
DA:342,0
DA:345,0
DA:346,0
DA:374,0
DA:375,0
DA:376,0
DA:378,0
DA:381,0
DA:382,0
DA:403,0
LF:76
LH:0
BRDA:51,0,0,0
BRDA:58,1,0,0
BRDA:58,1,1,0
BRDA:96,2,0,0
BRDA:96,2,1,0
BRDA:105,3,0,0
BRDA:105,3,1,0
BRDA:152,4,0,0
BRDA:152,4,1,0
BRDA:163,5,0,0
BRDA:163,5,1,0
BRDA:181,6,0,0
BRDA:181,6,1,0
BRDA:186,7,0,0
BRDA:186,7,1,0
BRDA:226,8,0,0
BRDA:226,8,1,0
BRDA:239,9,0,0
BRDA:239,9,1,0
BRDA:246,10,0,0
BRDA:246,10,1,0
BRDA:283,11,0,0
BRDA:283,11,1,0
BRDA:338,12,0,0
BRDA:350,13,0,0
BRDA:350,13,1,0
BRDA:350,14,0,0
BRDA:350,14,1,0
BRDA:351,15,0,0
BRDA:351,15,1,0
BRDA:351,16,0,0
BRDA:351,16,1,0
BRDA:352,17,0,0
BRDA:352,17,1,0
BRDA:354,18,0,0
BRDA:354,18,1,0
BRDA:359,19,0,0
BRDA:359,19,1,0
BRDA:360,20,0,0
BRDA:360,20,1,0
BRDA:360,21,0,0
BRDA:360,21,1,0
BRDA:390,22,0,0
BRDA:390,22,1,0
BRDA:392,23,0,0
BRDA:392,23,1,0
BRF:46
BRH:0
end_of_record
TN:
SF:src/components/layout/ResponsiveContainer.tsx
FN:14,(anonymous_0)
FNF:1
FNH:1
FNDA:86,(anonymous_0)
DA:14,6
DA:23,86
DA:35,86
DA:37,86
DA:38,2
DA:41,84
LF:6
LH:6
BRDA:17,0,0,84
BRDA:18,1,0,83
BRDA:27,2,0,86
BRDA:27,2,1,0
BRDA:28,3,0,0
BRDA:28,3,1,0
BRDA:37,4,0,2
BRDA:37,4,1,84
BRF:8
BRH:5
end_of_record
TN:
SF:src/components/layout/WebNavbar.tsx
FN:31,(anonymous_0)
FN:55,(anonymous_1)
FN:244,(anonymous_2)
FN:246,(anonymous_3)
FN:251,(anonymous_4)
FN:256,(anonymous_5)
FNF:6
FNH:0
FNDA:0,(anonymous_0)
FNDA:0,(anonymous_1)
FNDA:0,(anonymous_2)
FNDA:0,(anonymous_3)
FNDA:0,(anonymous_4)
FNDA:0,(anonymous_5)
DA:31,0
DA:46,0
DA:47,0
DA:49,0
DA:50,0
DA:51,0
DA:52,0
DA:54,0
DA:56,0
DA:244,0
DA:246,0
DA:247,0
DA:248,0
DA:251,0
DA:252,0
DA:253,0
DA:256,0
DA:257,0
DA:258,0
DA:261,0
LF:20
LH:0
BRDA:49,0,0,0
BRDA:49,0,1,0
BRDA:50,1,0,0
BRDA:50,1,1,0
BRDA:51,2,0,0
BRDA:51,2,1,0
BRDA:52,3,0,0
BRDA:52,3,1,0
BRF:8
BRH:0
end_of_record
TN:
SF:src/components/layout/WebSidebar.tsx
FN:49,(anonymous_0)
FN:70,(anonymous_1)
FN:71,(anonymous_2)
FN:72,(anonymous_3)
FN:73,(anonymous_4)
FN:74,(anonymous_5)
FN:75,(anonymous_6)
FN:76,(anonymous_7)
FN:79,(anonymous_8)
FN:87,(anonymous_9)
FN:91,(anonymous_10)
FN:97,(anonymous_11)
FN:101,(anonymous_12)
FN:155,(anonymous_13)
FN:165,(anonymous_14)
FN:174,(anonymous_15)
FN:194,(anonymous_16)
FN:203,(anonymous_17)
FN:213,(anonymous_18)
FN:226,(anonymous_19)
FN:235,(anonymous_20)
FN:236,(anonymous_21)
FN:271,(anonymous_22)
FN:278,(anonymous_23)
FN:279,(anonymous_24)
FNF:25
FNH:0
FNDA:0,(anonymous_0)
FNDA:0,(anonymous_1)
FNDA:0,(anonymous_2)
FNDA:0,(anonymous_3)
FNDA:0,(anonymous_4)
FNDA:0,(anonymous_5)
FNDA:0,(anonymous_6)
FNDA:0,(anonymous_7)
FNDA:0,(anonymous_8)
FNDA:0,(anonymous_9)
FNDA:0,(anonymous_10)
FNDA:0,(anonymous_11)
FNDA:0,(anonymous_12)
FNDA:0,(anonymous_13)
FNDA:0,(anonymous_14)
FNDA:0,(anonymous_15)
FNDA:0,(anonymous_16)
FNDA:0,(anonymous_17)
FNDA:0,(anonymous_18)
FNDA:0,(anonymous_19)
FNDA:0,(anonymous_20)
FNDA:0,(anonymous_21)
FNDA:0,(anonymous_22)
FNDA:0,(anonymous_23)
FNDA:0,(anonymous_24)
DA:49,0
DA:56,0
DA:57,0
DA:58,0
DA:59,0
DA:60,0
DA:61,0
DA:62,0
DA:63,0
DA:64,0
DA:65,0
DA:66,0
DA:67,0
DA:69,0
DA:70,0
DA:71,0
DA:72,0
DA:73,0
DA:74,0
DA:75,0
DA:76,0
DA:79,0
DA:80,0
DA:86,0
DA:87,0
DA:91,0
DA:92,0
DA:93,0
DA:94,0
DA:96,0
DA:97,0
DA:101,0
DA:102,0
DA:105,0
DA:107,0
DA:155,0
DA:166,0
DA:167,0
DA:168,0
DA:174,0
DA:194,0
DA:204,0
DA:205,0
DA:206,0
DA:213,0
DA:226,0
DA:229,0
DA:230,0
DA:232,0
DA:235,0
DA:236,0
DA:271,0
DA:272,0
DA:273,0
DA:275,0
DA:278,0
DA:279,0
DA:307,0
LF:58
LH:0
BRDA:52,0,0,0
BRDA:81,1,0,0
BRDA:81,1,1,0
BRDA:82,2,0,0
BRDA:82,2,1,0
BRDA:83,3,0,0
BRDA:83,3,1,0
BRDA:86,4,0,0
BRDA:86,4,1,0
BRDA:86,5,0,0
BRDA:86,5,1,0
BRDA:92,6,0,0
BRDA:92,6,1,0
BRDA:105,7,0,0
BRDA:105,7,1,0
BRDA:105,8,0,0
BRDA:105,8,1,0
BRDA:109,9,0,0
BRDA:109,9,1,0
BRDA:120,10,0,0
BRDA:120,10,1,0
BRDA:127,11,0,0
BRDA:127,11,1,0
BRDA:163,12,0,0
BRDA:163,12,1,0
BRDA:167,13,0,0
BRDA:167,13,1,0
BRDA:168,14,0,0
BRDA:168,14,1,0
BRDA:227,15,0,0
BRDA:240,16,0,0
BRDA:240,16,1,0
BRDA:240,17,0,0
BRDA:240,17,1,0
BRDA:241,18,0,0
BRDA:241,18,1,0
BRDA:241,19,0,0
BRDA:241,19,1,0
BRDA:242,20,0,0
BRDA:242,20,1,0
BRDA:244,21,0,0
BRDA:244,21,1,0
BRDA:245,22,0,0
BRDA:245,22,1,0
BRDA:248,23,0,0
BRDA:248,23,1,0
BRDA:253,24,0,0
BRDA:253,24,1,0
BRDA:254,25,0,0
BRDA:254,25,1,0
BRDA:254,26,0,0
BRDA:254,26,1,0
BRDA:271,27,0,0
BRDA:281,28,0,0
BRDA:281,28,1,0
BRDA:288,29,0,0
BRDA:288,29,1,0
BRDA:289,30,0,0
BRDA:289,30,1,0
BRDA:292,31,0,0
BRDA:292,31,1,0
BRDA:294,32,0,0
BRDA:294,32,1,0
BRDA:300,33,0,0
BRDA:300,33,1,0
BRDA:326,34,0,0
BRDA:326,34,1,0
BRDA:376,35,0,0
BRDA:376,35,1,0
BRDA:405,36,0,0
BRDA:405,36,1,0
BRF:71
BRH:0
end_of_record
TN:
SF:src/components/ui/AnimatedBackground.tsx
FN:8,(anonymous_0)
FNF:1
FNH:1
FNDA:6,(anonymous_0)
DA:8,1
DA:9,6
DA:16,1
LF:3
LH:3
BRF:0
BRH:0
end_of_record
TN:
SF:src/components/ui/AnimatedInput.tsx
FN:22,(anonymous_0)
FN:35,(anonymous_1)
FN:51,(anonymous_2)
FN:115,(anonymous_3)
FN:118,(anonymous_4)
FNF:5
FNH:0
FNDA:0,(anonymous_0)
FNDA:0,(anonymous_1)
FNDA:0,(anonymous_2)
FNDA:0,(anonymous_3)
FNDA:0,(anonymous_4)
DA:22,0
DA:31,0
DA:32,0
DA:33,0
DA:35,0
DA:37,0
DA:44,0
DA:51,0
DA:52,0
DA:54,0
DA:63,0
DA:68,0
DA:73,0
DA:78,0
DA:83,0
DA:116,0
DA:119,0
DA:129,0
LF:18
LH:0
BRDA:25,0,0,0
BRDA:31,1,0,0
BRDA:31,1,1,0
BRDA:38,2,0,0
BRDA:38,2,1,0
BRDA:38,3,0,0
BRDA:38,3,1,0
BRDA:45,4,0,0
BRDA:45,4,1,0
BRDA:52,5,0,0
BRDA:52,5,1,0
BRDA:95,6,0,0
BRDA:95,6,1,0
BRDA:96,7,0,0
BRDA:96,7,1,0
BRDA:106,8,0,0
BRDA:106,8,1,0
BRDA:106,9,0,0
BRDA:106,9,1,0
BRDA:124,10,0,0
BRDA:124,10,1,0
BRDA:137,11,0,0
BRDA:137,11,1,0
BRF:23
BRH:0
end_of_record
TN:
SF:src/components/ui/LoadingSpinner.tsx
FN:18,(anonymous_0)
FN:28,(anonymous_1)
FN:45,(anonymous_2)
FNF:3
FNH:3
FNDA:11,(anonymous_0)
FNDA:11,(anonymous_1)
FNDA:11,(anonymous_2)
DA:18,1
DA:26,11
DA:28,11
DA:30,11
DA:42,11
DA:45,11
DA:50,11
DA:55,11
LF:8
LH:8
BRDA:20,0,0,9
BRDA:22,1,0,9
BRF:2
BRH:2
end_of_record
TN:
SF:src/components/ui/SearchModal.tsx
FN:37,(anonymous_0)
FN:49,(anonymous_1)
FN:59,(anonymous_2)
FN:71,(anonymous_3)
FN:76,(anonymous_4)
FN:78,(anonymous_5)
FN:84,(anonymous_6)
FN:87,(anonymous_7)
FN:90,(anonymous_8)
FN:94,(anonymous_9)
FN:105,(anonymous_10)
FN:113,(anonymous_11)
FN:129,(anonymous_12)
FN:148,(anonymous_13)
FN:208,(anonymous_14)
FN:223,(anonymous_15)
FNF:16
FNH:12
FNDA:29,(anonymous_0)
FNDA:17,(anonymous_1)
FNDA:6,(anonymous_2)
FNDA:23,(anonymous_3)
FNDA:15,(anonymous_4)
FNDA:35,(anonymous_5)
FNDA:2,(anonymous_6)
FNDA:0,(anonymous_7)
FNDA:69,(anonymous_8)
FNDA:31,(anonymous_9)
FNDA:69,(anonymous_10)
FNDA:2,(anonymous_11)
FNDA:0,(anonymous_12)
FNDA:0,(anonymous_13)
FNDA:0,(anonymous_14)
FNDA:90,(anonymous_15)
DA:35,1
DA:37,1
DA:44,29
DA:45,29
DA:46,29
DA:47,29
DA:49,29
DA:50,17
DA:51,17
DA:58,17
DA:59,16
DA:62,0
DA:71,29
DA:72,23
DA:73,18
DA:75,5
DA:76,5
DA:77,15
DA:78,35
DA:80,5
DA:84,29
DA:85,2
DA:86,2
DA:87,2
DA:90,29
DA:91,69
DA:93,19
DA:94,19
DA:95,31
DA:105,29
DA:106,69
DA:113,2
DA:129,29
DA:130,0
DA:131,0
DA:134,29
DA:148,0
DA:208,0
DA:223,90
DA:257,1
LF:40
LH:35
BRDA:42,0,0,27
BRDA:50,1,0,17
BRDA:50,1,1,0
BRDA:58,2,0,16
BRDA:58,2,1,1
BRDA:72,3,0,18
BRDA:72,3,1,5
BRDA:77,4,0,15
BRDA:77,4,1,12
BRDA:91,5,0,50
BRDA:91,5,1,19
BRDA:95,6,0,6
BRDA:95,6,1,25
BRDA:110,7,0,3
BRDA:110,7,1,66
BRDA:121,8,0,3
BRDA:121,8,1,66
BRDA:154,9,0,1
BRDA:154,9,1,28
BRDA:163,10,0,1
BRDA:163,10,1,28
BRDA:170,11,0,1
BRDA:170,11,1,28
BRDA:176,12,0,1
BRDA:176,12,1,28
BRDA:187,13,0,1
BRDA:187,13,1,28
BRDA:196,14,0,1
BRDA:196,14,1,28
BRDA:200,15,0,1
BRDA:200,15,1,28
BRDA:207,16,0,29
BRDA:207,16,1,10
BRDA:211,17,0,0
BRDA:211,17,1,10
BRDA:230,18,0,1
BRDA:230,18,1,28
BRDA:232,19,0,10
BRDA:232,19,1,19
BRDA:241,20,0,1
BRDA:241,20,1,28
BRDA:245,21,0,1
BRDA:245,21,1,28
BRF:43
BRH:41
end_of_record
TN:
SF:src/components/ui/ThemeToggle.tsx
FN:9,(anonymous_0)
FN:13,(anonymous_1)
FN:53,(anonymous_2)
FNF:3
FNH:3
FNDA:91,(anonymous_0)
FNDA:45,(anonymous_1)
FNDA:472,(anonymous_2)
DA:9,2
DA:10,91
DA:11,91
DA:13,91
DA:14,45
DA:22,91
DA:27,91
DA:32,91
DA:54,472
DA:73,2
LF:10
LH:10
BRDA:9,0,0,26
BRDA:11,1,0,32
BRDA:11,1,1,59
BRDA:15,2,0,16
BRDA:15,2,1,29
BRDA:49,3,0,32
BRDA:49,3,1,59
BRF:7
BRH:7
end_of_record
TN:
SF:src/contexts/AuthContext.tsx
FN:36,(anonymous_0)
FN:44,(anonymous_1)
FN:52,(anonymous_2)
FN:58,(anonymous_3)
FN:76,(anonymous_4)
FN:123,(anonymous_5)
FNF:6
FNH:6
FNDA:24,(anonymous_0)
FNDA:24,(anonymous_1)
FNDA:12,(anonymous_2)
FNDA:12,(anonymous_3)
FNDA:8,(anonymous_4)
FNDA:3,(anonymous_5)
DA:32,2
DA:36,24
DA:44,2
DA:46,24
DA:48,24
DA:52,24
DA:53,12
DA:58,24
DA:59,12
DA:62,12
DA:63,12
DA:65,2
DA:68,1
DA:71,12
DA:76,24
DA:77,8
DA:79,8
DA:96,8
DA:107,8
DA:109,7
DA:112,1
DA:114,1
DA:117,8
DA:123,24
DA:124,3
DA:126,3
DA:128,2
DA:130,1
DA:132,1
DA:138,24
LF:30
LH:30
BRDA:63,0,0,2
BRDA:63,0,1,10
BRF:2
BRH:2
end_of_record
TN:
SF:src/contexts/ThemeContext.tsx
FN:260,(anonymous_0)
FN:268,(anonymous_1)
FN:272,(anonymous_2)
FN:276,(anonymous_3)
FN:289,(anonymous_4)
FNF:5
FNH:5
FNDA:133,(anonymous_0)
FNDA:137,(anonymous_1)
FNDA:69,(anonymous_2)
FNDA:69,(anonymous_3)
FNDA:4,(anonymous_4)
DA:87,9
DA:169,9
DA:258,9
DA:260,133
DA:266,9
DA:268,9
DA:269,137
DA:270,137
DA:272,137
DA:273,69
DA:276,137
DA:277,69
DA:278,69
DA:279,68
DA:280,2
DA:283,1
DA:285,69
DA:289,137
DA:290,4
DA:291,4
DA:292,4
DA:293,4
DA:295,0
DA:299,137
DA:301,137
LF:25
LH:24
BRDA:279,0,0,2
BRDA:279,0,1,66
BRDA:293,1,0,1
BRDA:293,1,1,3
BRDA:299,2,0,133
BRDA:299,2,1,4
BRF:6
BRH:6
end_of_record
TN:
SF:src/hooks/useEntities.ts
FN:5,(anonymous_0)
FN:13,(anonymous_1)
FN:14,(anonymous_2)
FN:17,(anonymous_3)
FN:19,(anonymous_4)
FN:28,(anonymous_5)
FN:29,(anonymous_6)
FN:32,(anonymous_7)
FN:40,(anonymous_8)
FN:46,(anonymous_9)
FN:47,(anonymous_10)
FN:50,(anonymous_11)
FN:52,(anonymous_12)
FN:60,(anonymous_13)
FN:66,(anonymous_14)
FN:67,(anonymous_15)
FN:70,(anonymous_16)
FN:72,(anonymous_17)
FN:77,(anonymous_18)
FNF:19
FNH:19
FNDA:21,(anonymous_0)
FNDA:5,(anonymous_1)
FNDA:5,(anonymous_2)
FNDA:3,(anonymous_3)
FNDA:1,(anonymous_4)
FNDA:2,(anonymous_5)
FNDA:2,(anonymous_6)
FNDA:1,(anonymous_7)
FNDA:1,(anonymous_8)
FNDA:2,(anonymous_9)
FNDA:2,(anonymous_10)
FNDA:1,(anonymous_11)
FNDA:2,(anonymous_12)
FNDA:1,(anonymous_13)
FNDA:2,(anonymous_14)
FNDA:2,(anonymous_15)
FNDA:1,(anonymous_16)
FNDA:2,(anonymous_17)
FNDA:1,(anonymous_18)
DA:5,1
DA:6,21
DA:13,21
DA:14,5
DA:15,5
DA:16,5
DA:17,4
DA:19,1
DA:28,21
DA:29,2
DA:30,2
DA:31,2
DA:32,1
DA:37,1
DA:39,1
DA:40,1
DA:41,1
DA:46,21
DA:47,2
DA:48,2
DA:49,2
DA:50,1
DA:53,2
DA:57,1
DA:59,1
DA:60,1
DA:61,1
DA:66,21
DA:67,2
DA:68,2
DA:69,2
DA:70,1
DA:72,2
DA:76,1
DA:77,1
DA:78,1
DA:82,21
LF:37
LH:37
BRDA:22,0,0,1
BRDA:22,0,1,0
BRDA:39,1,0,1
BRDA:39,1,1,0
BRDA:53,2,0,1
BRDA:53,2,1,1
BRDA:59,3,0,1
BRDA:59,3,1,0
BRDA:76,4,0,1
BRDA:76,4,1,0
BRF:10
BRH:6
end_of_record
TN:
SF:src/hooks/useEntityForm.ts
FN:32,(anonymous_0)
FN:59,(anonymous_1)
FN:60,(anonymous_2)
FN:67,(anonymous_3)
FN:76,(anonymous_4)
FN:98,(anonymous_5)
FN:105,(anonymous_6)
FN:110,(anonymous_7)
FNF:8
FNH:7
FNDA:46,(anonymous_0)
FNDA:14,(anonymous_1)
FNDA:14,(anonymous_2)
FNDA:0,(anonymous_3)
FNDA:4,(anonymous_4)
FNDA:2,(anonymous_5)
FNDA:1,(anonymous_6)
FNDA:28,(anonymous_7)
DA:32,1
DA:33,46
DA:49,46
DA:50,46
DA:51,46
DA:52,46
DA:56,46
DA:59,46
DA:60,14
DA:66,14
DA:67,0
DA:68,0
DA:69,0
DA:70,0
DA:76,46
DA:77,4
DA:80,4
DA:81,3
DA:82,1
DA:83,0
DA:87,4
DA:88,3
DA:91,4
DA:92,4
DA:93,4
DA:94,4
DA:98,46
DA:99,2
DA:100,2
DA:101,2
DA:105,46
DA:106,1
DA:110,46
DA:112,28
DA:113,28
DA:114,28
DA:117,46
LF:37
LH:32
BRDA:33,0,0,12
BRDA:33,0,1,34
BRDA:35,1,0,12
BRDA:35,1,1,0
BRDA:36,2,0,12
BRDA:36,2,1,0
BRDA:37,3,0,12
BRDA:37,3,1,0
BRDA:38,4,0,12
BRDA:38,4,1,0
BRDA:39,5,0,12
BRDA:39,5,1,12
BRDA:66,6,0,0
BRDA:66,6,1,14
BRDA:80,7,0,3
BRDA:80,7,1,1
BRDA:82,8,0,0
BRDA:82,8,1,1
BRDA:87,9,0,3
BRDA:87,9,1,1
BRDA:113,10,0,28
BRDA:113,10,1,13
BRDA:114,11,0,28
BRDA:114,11,1,25
BRF:24
BRH:18
end_of_record
TN:
SF:src/hooks/useKeyboard.ts
FN:4,(anonymous_0)
FN:8,(anonymous_1)
FN:13,(anonymous_2)
FN:21,(anonymous_3)
FN:27,(anonymous_4)
FN:33,(anonymous_5)
FNF:6
FNH:0
FNDA:0,(anonymous_0)
FNDA:0,(anonymous_1)
FNDA:0,(anonymous_2)
FNDA:0,(anonymous_3)
FNDA:0,(anonymous_4)
FNDA:0,(anonymous_5)
DA:4,1
DA:5,0
DA:6,0
DA:8,0
DA:9,0
DA:11,0
DA:14,0
DA:15,0
DA:19,0
DA:22,0
DA:23,0
DA:27,0
DA:28,0
DA:29,0
DA:33,0
DA:34,0
DA:37,0
LF:17
LH:1
BRDA:9,0,0,0
BRDA:9,0,1,0
BRF:2
BRH:0
end_of_record
TN:
SF:src/screens/Home/HomeScreen.tsx
FN:15,HomeScreen
FN:20,(anonymous_1)
FN:30,(anonymous_2)
FN:46,(anonymous_3)
FNF:4
FNH:1
FNDA:6,HomeScreen
FNDA:0,(anonymous_1)
FNDA:0,(anonymous_2)
FNDA:0,(anonymous_3)
DA:16,6
DA:17,6
DA:18,6
DA:20,6
DA:22,0
DA:30,6
DA:31,0
DA:34,6
DA:46,0
LF:9
LH:6
BRDA:23,0,0,0
BRDA:23,0,1,0
BRDA:37,1,0,1
BRDA:37,1,1,5
BRDA:39,2,0,6
BRDA:39,2,1,0
BRDA:43,3,0,6
BRDA:43,3,1,0
BRDA:47,4,0,0
BRDA:47,4,1,0
BRF:10
BRH:4
end_of_record
TN:
SF:src/screens/Home/styles/HomeScreen.styles.native.ts
FNF:0
FNH:0
LF:0
LH:0
BRF:0
BRH:0
end_of_record
TN:
SF:src/screens/Home/styles/HomeScreen.styles.web.ts
FNF:0
FNH:0
LF:0
LH:0
BRF:0
BRH:0
end_of_record
TN:
SF:src/screens/Login/LoginScreen.tsx
FN:22,LoginScreen
FN:43,(anonymous_1)
FN:62,(anonymous_2)
FN:137,(anonymous_3)
FN:147,(anonymous_4)
FN:181,(anonymous_5)
FN:195,(anonymous_6)
FN:208,(anonymous_7)
FN:339,(anonymous_8)
FN:343,(anonymous_9)
FN:344,(anonymous_10)
FN:384,(anonymous_11)
FN:388,(anonymous_12)
FN:389,(anonymous_13)
FN:432,(anonymous_14)
FN:439,(anonymous_15)
FNF:16
FNH:16
FNDA:62,LoginScreen
FNDA:29,(anonymous_1)
FNDA:29,(anonymous_2)
FNDA:29,(anonymous_3)
FNDA:2,(anonymous_4)
FNDA:11,(anonymous_5)
FNDA:10,(anonymous_6)
FNDA:5,(anonymous_7)
FNDA:7,(anonymous_8)
FNDA:2,(anonymous_9)
FNDA:5,(anonymous_10)
FNDA:8,(anonymous_11)
FNDA:2,(anonymous_12)
FNDA:4,(anonymous_13)
FNDA:1,(anonymous_14)
FNDA:1,(anonymous_15)
DA:23,62
DA:24,62
DA:25,62
DA:26,62
DA:27,62
DA:28,62
DA:29,62
DA:30,62
DA:32,62
DA:33,62
DA:34,62
DA:35,62
DA:36,62
DA:38,62
DA:39,62
DA:40,62
DA:41,62
DA:43,62
DA:44,29
DA:62,29
DA:63,29
DA:80,29
DA:97,29
DA:114,29
DA:115,0
DA:134,29
DA:137,62
DA:138,29
DA:139,2
DA:146,2
DA:147,2
DA:151,62
DA:156,62
DA:161,62
DA:166,62
DA:171,62
DA:176,62
DA:181,62
DA:182,11
DA:183,11
DA:184,4
DA:185,4
DA:187,7
DA:188,2
DA:189,2
DA:191,5
DA:192,5
DA:195,62
DA:196,10
DA:197,3
DA:198,3
DA:200,7
DA:201,2
DA:202,2
DA:204,5
DA:205,5
DA:208,62
DA:209,5
DA:210,5
DA:212,5
DA:214,2
DA:227,2
DA:228,2
DA:230,1
DA:234,62
DA:340,7
DA:341,7
DA:343,2
DA:345,5
DA:346,5
DA:385,8
DA:386,8
DA:388,2
DA:390,4
DA:391,4
DA:432,1
DA:439,1
LF:77
LH:76
BRDA:114,0,0,0
BRDA:114,0,1,29
BRDA:138,1,0,2
BRDA:138,1,1,27
BRDA:183,2,0,4
BRDA:183,2,1,7
BRDA:187,3,0,2
BRDA:187,3,1,5
BRDA:196,4,0,3
BRDA:196,4,1,7
BRDA:200,5,0,2
BRDA:200,5,1,5
BRDA:212,6,0,3
BRDA:212,6,1,2
BRDA:212,7,0,5
BRDA:212,7,1,3
BRDA:237,8,0,62
BRDA:237,8,1,0
BRDA:240,9,0,0
BRDA:240,9,1,62
BRDA:242,10,0,62
BRDA:242,10,1,0
BRDA:283,11,0,62
BRDA:283,11,1,0
BRDA:296,12,0,0
BRDA:296,12,1,62
BRDA:320,13,0,2
BRDA:320,13,1,60
BRDA:322,14,0,62
BRDA:322,14,1,2
BRDA:328,15,0,62
BRDA:328,15,1,6
BRDA:341,16,0,1
BRDA:341,16,1,6
BRDA:353,17,0,6
BRDA:353,17,1,56
BRDA:365,18,0,2
BRDA:365,18,1,60
BRDA:367,19,0,62
BRDA:367,19,1,2
BRDA:373,20,0,62
BRDA:373,20,1,5
BRDA:386,21,0,1
BRDA:386,21,1,7
BRDA:396,22,0,5
BRDA:396,22,1,57
BRDA:406,23,0,62
BRDA:406,23,1,2
BRDA:412,24,0,2
BRDA:412,24,1,60
BRF:50
BRH:44
end_of_record
TN:
SF:src/screens/Login/styles/LoginScreen.styles.native.ts
FNF:0
FNH:0
DA:4,1
LF:1
LH:1
BRF:0
BRH:0
end_of_record
TN:
SF:src/screens/Login/styles/LoginScreen.styles.web.ts
FNF:0
FNH:0
DA:5,0
LF:1
LH:0
BRF:0
BRH:0
end_of_record
TN:
SF:src/screens/alertas/AlertasScreen.tsx
FNF:0
FNH:0
LF:0
LH:0
BRF:0
BRH:0
end_of_record
TN:
SF:src/screens/alertas/styles/AlertasScreen.styles.native.ts
FNF:0
FNH:0
LF:0
LH:0
BRF:0
BRH:0
end_of_record
TN:
SF:src/screens/alertas/styles/AlertasScreen.styles.web.ts
FNF:0
FNH:0
LF:0
LH:0
BRF:0
BRH:0
end_of_record
TN:
SF:src/screens/entidade/RegistroEntidadeScreen.tsx
FN:14,(anonymous_0)
FN:22,(anonymous_1)
FN:29,(anonymous_2)
FN:45,(anonymous_3)
FNF:4
FNH:0
FNDA:0,(anonymous_0)
FNDA:0,(anonymous_1)
FNDA:0,(anonymous_2)
FNDA:0,(anonymous_3)
DA:14,0
DA:15,0
DA:16,0
DA:17,0
DA:18,0
DA:20,0
DA:22,0
DA:23,0
DA:24,0
DA:25,0
DA:29,0
DA:30,0
DA:31,0
DA:32,0
DA:33,0
DA:35,0
DA:36,0
DA:39,0
DA:45,0
DA:46,0
DA:49,0
LF:21
LH:0
BRDA:24,0,0,0
BRDA:24,0,1,0
BRDA:31,1,0,0
BRDA:31,1,1,0
BRF:4
BRH:0
end_of_record
TN:
SF:src/screens/entidade/entidadeScreen.tsx
FN:116,(anonymous_0)
FN:128,(anonymous_1)
FN:135,(anonymous_2)
FN:143,(anonymous_3)
FN:234,(anonymous_4)
FN:235,(anonymous_5)
FN:235,(anonymous_6)
FN:243,(anonymous_7)
FN:244,(anonymous_8)
FN:245,(anonymous_9)
FN:245,(anonymous_10)
FN:252,(anonymous_11)
FN:253,(anonymous_12)
FN:253,(anonymous_13)
FN:261,(anonymous_14)
FN:266,(anonymous_15)
FN:270,(anonymous_16)
FN:274,(anonymous_17)
FN:278,(anonymous_18)
FN:279,(anonymous_19)
FN:282,(anonymous_20)
FN:286,(anonymous_21)
FN:373,(anonymous_22)
FN:381,(anonymous_23)
FNF:24
FNH:0
FNDA:0,(anonymous_0)
FNDA:0,(anonymous_1)
FNDA:0,(anonymous_2)
FNDA:0,(anonymous_3)
FNDA:0,(anonymous_4)
FNDA:0,(anonymous_5)
FNDA:0,(anonymous_6)
FNDA:0,(anonymous_7)
FNDA:0,(anonymous_8)
FNDA:0,(anonymous_9)
FNDA:0,(anonymous_10)
FNDA:0,(anonymous_11)
FNDA:0,(anonymous_12)
FNDA:0,(anonymous_13)
FNDA:0,(anonymous_14)
FNDA:0,(anonymous_15)
FNDA:0,(anonymous_16)
FNDA:0,(anonymous_17)
FNDA:0,(anonymous_18)
FNDA:0,(anonymous_19)
FNDA:0,(anonymous_20)
FNDA:0,(anonymous_21)
FNDA:0,(anonymous_22)
FNDA:0,(anonymous_23)
DA:35,1
DA:116,1
DA:117,0
DA:118,0
DA:119,0
DA:120,0
DA:121,0
DA:122,0
DA:123,0
DA:124,0
DA:126,0
DA:128,0
DA:129,0
DA:131,0
DA:132,0
DA:135,0
DA:136,0
DA:137,0
DA:138,0
DA:139,0
DA:143,0
DA:144,0
DA:146,0
DA:234,0
DA:235,0
DA:236,0
DA:243,0
DA:244,0
DA:245,0
DA:252,0
DA:253,0
DA:254,0
DA:261,0
DA:262,0
DA:266,0
DA:267,0
DA:270,0
DA:271,0
DA:274,0
DA:275,0
DA:278,0
DA:279,0
DA:282,0
DA:283,0
DA:286,0
DA:287,0
DA:290,0
DA:373,0
DA:382,0
LF:49
LH:2
BRDA:131,0,0,0
BRDA:131,0,1,0
BRDA:139,1,0,0
BRDA:139,1,1,0
BRDA:139,1,2,0
BRDA:150,2,0,0
BRDA:150,2,1,0
BRDA:180,3,0,0
BRDA:180,3,1,0
BRDA:187,4,0,0
BRDA:187,4,1,0
BRDA:236,5,0,0
BRDA:236,5,1,0
BRDA:254,6,0,0
BRDA:254,6,1,0
BRDA:292,7,0,0
BRDA:292,7,1,0
BRDA:296,8,0,0
BRDA:296,8,1,0
BRDA:297,9,0,0
BRDA:297,9,1,0
BRDA:307,10,0,0
BRDA:307,10,1,0
BRDA:311,11,0,0
BRDA:311,11,1,0
BRDA:318,12,0,0
BRDA:318,12,1,0
BRDA:331,13,0,0
BRDA:331,13,1,0
BRDA:379,14,0,0
BRDA:379,14,1,0
BRF:31
BRH:0
end_of_record
TN:
SF:src/screens/entidade/styles/RegistroEntidadeScreen.styles.native.ts
FNF:0
FNH:0
LF:0
LH:0
BRF:0
BRH:0
end_of_record
TN:
SF:src/screens/entidade/styles/RegistroEntidadeScreen.styles.web.ts
FNF:0
FNH:0
LF:0
LH:0
BRF:0
BRH:0
end_of_record
TN:
SF:src/screens/entidade/styles/entidadeScreen.styles.native.ts
FNF:0
FNH:0
LF:0
LH:0
BRF:0
BRH:0
end_of_record
TN:
SF:src/screens/entidade/styles/entidadeScreen.styles.web.ts
FNF:0
FNH:0
LF:0
LH:0
BRF:0
BRH:0
end_of_record
TN:
SF:src/screens/registrarEntidade/registrarEntidade.tsx
FNF:0
FNH:0
LF:0
LH:0
BRF:0
BRH:0
end_of_record
TN:
SF:src/screens/registrarEntidade/styles/registrarEntidade.styles.native.ts
FNF:0
FNH:0
LF:0
LH:0
BRF:0
BRH:0
end_of_record
TN:
SF:src/screens/registrarEntidade/styles/registrarEntidade.styles.web.ts
FNF:0
FNH:0
LF:0
LH:0
BRF:0
BRH:0
end_of_record
TN:
SF:src/screens/registrarEntrada/RegistrarEntradaScreen.tsx
FN:6,RegistrarEntradaScreen
FN:25,(anonymous_1)
FNF:2
FNH:2
FNDA:6,RegistrarEntradaScreen
FNDA:1,(anonymous_1)
DA:7,6
DA:25,1
DA:37,1
LF:3
LH:3
BRDA:12,0,0,6
BRDA:12,0,1,0
BRDA:16,1,0,6
BRDA:16,1,1,0
BRDA:19,2,0,6
BRDA:19,2,1,0
BRDA:24,3,0,6
BRDA:24,3,1,0
BRDA:27,4,0,6
BRDA:27,4,1,0
BRDA:43,5,0,1
BRDA:43,5,1,0
BRDA:43,6,0,0
BRDA:43,6,1,0
BRDA:48,7,0,0
BRDA:48,7,1,1
BRF:16
BRH:7
end_of_record
TN:
SF:src/screens/registrarEntrada/styles/RegistrarEntradaScreen.styles.native.ts
FNF:0
FNH:0
LF:0
LH:0
BRF:0
BRH:0
end_of_record
TN:
SF:src/screens/registrarEntrada/styles/RegistrarEntradaScreen.styles.web.ts
FNF:0
FNH:0
LF:0
LH:0
BRF:0
BRH:0
end_of_record
TN:
SF:src/screens/registrarSaida/RegistrarSaidaScreen.tsx
FN:6,RegistrarSaidaScreen
FN:25,(anonymous_1)
FNF:2
FNH:1
FNDA:3,RegistrarSaidaScreen
FNDA:0,(anonymous_1)
DA:7,3
DA:25,0
DA:37,1
LF:3
LH:2
BRDA:12,0,0,3
BRDA:12,0,1,0
BRDA:16,1,0,3
BRDA:16,1,1,0
BRDA:19,2,0,3
BRDA:19,2,1,0
BRDA:24,3,0,3
BRDA:24,3,1,0
BRDA:27,4,0,3
BRDA:27,4,1,0
BRDA:43,5,0,1
BRDA:43,5,1,0
BRDA:43,6,0,0
BRDA:43,6,1,0
BRDA:48,7,0,0
BRDA:48,7,1,1
BRF:16
BRH:7
end_of_record
TN:
SF:src/screens/registrarSaida/styles/RegistrarSaidaScreen.styles.native.ts
FNF:0
FNH:0
LF:0
LH:0
BRF:0
BRH:0
end_of_record
TN:
SF:src/screens/registrarSaida/styles/RegistrarSaidaScreen.styles.web.ts
FNF:0
FNH:0
LF:0
LH:0
BRF:0
BRH:0
end_of_record
TN:
SF:src/screens/relatorios/RelatoriosScreen.tsx
FN:6,RelatoriosScreen
FN:25,(anonymous_1)
FNF:2
FNH:1
FNDA:3,RelatoriosScreen
FNDA:0,(anonymous_1)
DA:7,3
DA:25,0
DA:37,1
LF:3
LH:2
BRDA:12,0,0,3
BRDA:12,0,1,0
BRDA:16,1,0,3
BRDA:16,1,1,0
BRDA:19,2,0,3
BRDA:19,2,1,0
BRDA:24,3,0,3
BRDA:24,3,1,0
BRDA:27,4,0,3
BRDA:27,4,1,0
BRDA:43,5,0,1
BRDA:43,5,1,0
BRDA:43,6,0,0
BRDA:43,6,1,0
BRDA:48,7,0,0
BRDA:48,7,1,1
BRF:16
BRH:7
end_of_record
TN:
SF:src/screens/relatorios/styles/RelatoriosScreen.styles.native.ts
FNF:0
FNH:0
LF:0
LH:0
BRF:0
BRH:0
end_of_record
TN:
SF:src/screens/relatorios/styles/RelatoriosScreen.styles.web.ts
FNF:0
FNH:0
LF:0
LH:0
BRF:0
BRH:0
end_of_record
TN:
SF:src/screens/visitantes/VisitantesScreen.tsx
FN:6,VisitantesScreen
FN:25,(anonymous_1)
FNF:2
FNH:1
FNDA:3,VisitantesScreen
FNDA:0,(anonymous_1)
DA:7,3
DA:25,0
DA:37,1
LF:3
LH:2
BRDA:12,0,0,3
BRDA:12,0,1,0
BRDA:16,1,0,3
BRDA:16,1,1,0
BRDA:19,2,0,3
BRDA:19,2,1,0
BRDA:24,3,0,3
BRDA:24,3,1,0
BRDA:27,4,0,3
BRDA:27,4,1,0
BRDA:43,5,0,1
BRDA:43,5,1,0
BRDA:43,6,0,0
BRDA:43,6,1,0
BRDA:48,7,0,0
BRDA:48,7,1,1
BRF:16
BRH:7
end_of_record
TN:
SF:src/screens/visitantes/styles/VisitantesScreen.styles.native.ts
FNF:0
FNH:0
LF:0
LH:0
BRF:0
BRH:0
end_of_record
TN:
SF:src/screens/visitantes/styles/VisitantesScreen.styles.web.ts
FNF:0
FNH:0
LF:0
LH:0
BRF:0
BRH:0
end_of_record
TN:
SF:src/services/entityApi.ts
FN:7,(anonymous_0)
FN:15,(anonymous_1)
FN:25,(anonymous_2)
FN:45,(anonymous_3)
FN:48,(anonymous_4)
FN:56,(anonymous_5)
FN:66,(anonymous_6)
FN:69,(anonymous_7)
FNF:8
FNH:8
FNDA:6,(anonymous_0)
FNDA:16,(anonymous_1)
FNDA:6,(anonymous_2)
FNDA:3,(anonymous_3)
FNDA:4,(anonymous_4)
FNDA:3,(anonymous_5)
FNDA:3,(anonymous_6)
FNDA:2,(anonymous_7)
DA:4,2
DA:7,2
DA:8,6
DA:9,6
DA:10,6
DA:13,2
DA:16,16
DA:17,16
DA:18,15
DA:20,2
DA:26,6
DA:27,6
DA:28,6
DA:35,6
DA:36,6
DA:38,5
DA:40,1
DA:46,3
DA:47,3
DA:48,3
DA:49,4
DA:54,3
DA:56,3
DA:57,3
DA:59,2
DA:61,1
DA:67,3
DA:68,3
DA:69,3
DA:70,3
DA:72,1
LF:31
LH:31
BRDA:18,0,0,9
BRDA:18,0,1,6
BRDA:49,1,0,2
BRDA:49,1,1,2
BRDA:57,2,0,1
BRDA:57,2,1,2
BRF:6
BRH:6
end_of_record
TN:
SF:src/services/entityService.ts
FNF:0
FNH:0
LF:0
LH:0
BRF:0
BRH:0
end_of_record
TN:
SF:src/utils/entityHelpers.ts
FN:7,(anonymous_0)
FN:22,(anonymous_1)
FN:37,(anonymous_2)
FN:53,(anonymous_3)
FN:64,(anonymous_4)
FN:79,(anonymous_5)
FN:86,(anonymous_6)
FN:88,(anonymous_7)
FN:94,(anonymous_8)
FN:96,(anonymous_9)
FN:102,(anonymous_10)
FN:103,(anonymous_11)
FN:118,(anonymous_12)
FN:123,(anonymous_13)
FNF:14
FNH:14
FNDA:4,(anonymous_0)
FNDA:3,(anonymous_1)
FNDA:6,(anonymous_2)
FNDA:4,(anonymous_3)
FNDA:4,(anonymous_4)
FNDA:2,(anonymous_5)
FNDA:3,(anonymous_6)
FNDA:6,(anonymous_7)
FNDA:3,(anonymous_8)
FNDA:6,(anonymous_9)
FNDA:3,(anonymous_10)
FNDA:5,(anonymous_11)
FNDA:6,(anonymous_12)
FNDA:15,(anonymous_13)
DA:7,2
DA:8,4
DA:10,3
DA:12,3
DA:13,3
DA:14,2
DA:16,2
DA:22,2
DA:23,3
DA:25,2
DA:27,2
DA:28,2
DA:29,1
DA:31,1
DA:37,2
DA:38,6
DA:40,5
DA:42,5
DA:45,4
DA:47,3
DA:53,2
DA:54,4
DA:56,3
DA:58,3
DA:64,2
DA:65,4
DA:73,4
DA:79,2
DA:80,2
DA:86,2
DA:87,3
DA:88,6
DA:94,2
DA:95,3
DA:96,6
DA:102,2
DA:103,3
DA:104,5
DA:105,5
DA:107,5
DA:108,3
DA:110,2
DA:118,2
DA:119,6
DA:121,5
DA:123,5
DA:124,15
DA:125,15
DA:126,15
DA:127,15
DA:129,15
LF:51
LH:51
BRDA:8,0,0,1
BRDA:8,0,1,3
BRDA:12,1,0,0
BRDA:12,1,1,3
BRDA:13,2,0,1
BRDA:13,2,1,2
BRDA:14,3,0,0
BRDA:14,3,1,2
BRDA:23,4,0,1
BRDA:23,4,1,2
BRDA:27,5,0,0
BRDA:27,5,1,2
BRDA:28,6,0,1
BRDA:28,6,1,1
BRDA:29,7,0,0
BRDA:29,7,1,1
BRDA:38,8,0,1
BRDA:38,8,1,5
BRDA:42,9,0,1
BRDA:42,9,1,4
BRDA:45,10,0,1
BRDA:45,10,1,3
BRDA:54,11,0,1
BRDA:54,11,1,3
BRDA:58,12,0,3
BRDA:58,12,1,2
BRDA:73,13,0,4
BRDA:73,13,1,1
BRDA:80,14,0,1
BRDA:80,14,1,1
BRDA:87,15,0,1
BRDA:87,15,1,2
BRDA:95,16,0,1
BRDA:95,16,1,2
BRDA:102,17,0,0
BRDA:104,18,0,5
BRDA:104,18,1,0
BRDA:105,19,0,5
BRDA:105,19,1,1
BRDA:107,20,0,3
BRDA:107,20,1,2
BRDA:119,21,0,1
BRDA:119,21,1,5
BRDA:124,22,0,15
BRDA:124,22,1,0
BRDA:125,23,0,15
BRDA:125,23,1,0
BRDA:126,24,0,15
BRDA:126,24,1,0
BRDA:127,25,0,15
BRDA:127,25,1,0
BRDA:130,26,0,15
BRDA:130,26,1,13
BRDA:130,26,2,12
BRDA:130,26,3,12
BRF:55
BRH:45
end_of_record
TN:
SF:src/utils/responsive.ts
FN:38,(anonymous_0)
FN:40,(anonymous_1)
FN:92,(anonymous_2)
FN:96,(anonymous_3)
FN:99,(anonymous_4)
FN:104,(anonymous_5)
FN:121,(anonymous_6)
FN:138,(anonymous_7)
FNF:8
FNH:0
FNDA:0,(anonymous_0)
FNDA:0,(anonymous_1)
FNDA:0,(anonymous_2)
FNDA:0,(anonymous_3)
FNDA:0,(anonymous_4)
FNDA:0,(anonymous_5)
FNDA:0,(anonymous_6)
FNDA:0,(anonymous_7)
DA:5,7
DA:9,7
DA:22,7
DA:36,7
DA:38,0
DA:40,0
DA:92,7
DA:94,0
DA:96,0
DA:99,0
DA:100,0
DA:104,0
DA:108,0
DA:121,7
DA:122,0
DA:138,7
DA:139,0
DA:141,0
DA:142,0
DA:145,0
DA:146,0
DA:149,0
DA:150,0
DA:153,0
DA:154,0
DA:155,0
DA:156,0
DA:157,0
DA:158,0
DA:159,0
DA:160,0
DA:163,0
LF:32
LH:7
BRDA:26,0,0,7
BRDA:26,0,1,0
BRDA:46,1,0,7
BRDA:46,1,1,0
BRDA:48,2,0,7
BRDA:48,2,1,0
BRDA:50,3,0,7
BRDA:50,3,1,0
BRDA:52,4,0,7
BRDA:52,4,1,0
BRDA:54,5,0,7
BRDA:54,5,1,0
BRDA:61,6,0,7
BRDA:61,6,1,0
BRDA:63,7,0,7
BRDA:63,7,1,0
BRDA:65,8,0,7
BRDA:65,8,1,0
BRDA:67,9,0,7
BRDA:67,9,1,0
BRDA:69,10,0,7
BRDA:69,10,1,0
BRDA:71,11,0,7
BRDA:71,11,1,0
BRDA:78,12,0,7
BRDA:78,12,1,0
BRDA:80,13,0,7
BRDA:80,13,1,0
BRDA:82,14,0,7
BRDA:82,14,1,0
BRDA:84,15,0,7
BRDA:84,15,1,0
BRDA:86,16,0,7
BRDA:86,16,1,0
BRDA:113,17,0,0
BRDA:113,17,1,0
BRDA:122,18,0,0
BRDA:122,18,1,0
BRDA:141,19,0,0
BRDA:141,19,1,0
BRDA:141,20,0,0
BRDA:141,20,1,0
BRDA:145,21,0,0
BRDA:145,21,1,0
BRDA:145,22,0,0
BRDA:145,22,1,0
BRDA:149,23,0,0
BRDA:149,23,1,0
BRDA:149,24,0,0
BRDA:149,24,1,0
BRDA:153,25,0,0
BRDA:153,25,1,0
BRDA:153,26,0,0
BRDA:153,26,1,0
BRDA:155,27,0,0
BRDA:155,27,1,0
BRDA:155,28,0,0
BRDA:155,28,1,0
BRDA:157,29,0,0
BRDA:157,29,1,0
BRDA:157,30,0,0
BRDA:157,30,1,0
BRDA:159,31,0,0
BRDA:159,31,1,0
BRDA:159,32,0,0
BRDA:159,32,1,0
BRF:66
BRH:17
end_of_record
TN:
SF:src/utils/themeHelpers.ts
FN:4,(anonymous_0)
FN:11,(anonymous_1)
FN:16,(anonymous_2)
FN:26,(anonymous_3)
FN:37,(anonymous_4)
FN:52,(anonymous_5)
FN:75,(anonymous_6)
FN:89,(anonymous_7)
FN:103,(anonymous_8)
FN:117,(anonymous_9)
FNF:10
FNH:6
FNDA:0,(anonymous_0)
FNDA:0,(anonymous_1)
FNDA:0,(anonymous_2)
FNDA:0,(anonymous_3)
FNDA:6,(anonymous_4)
FNDA:8,(anonymous_5)
FNDA:4,(anonymous_6)
FNDA:4,(anonymous_7)
FNDA:8,(anonymous_8)
FNDA:5,(anonymous_9)
DA:4,1
DA:7,0
DA:11,1
DA:12,0
DA:16,1
DA:17,0
DA:18,0
DA:20,0
DA:22,0
DA:26,1
DA:27,0
DA:28,0
DA:29,0
DA:31,0
DA:37,1
DA:38,6
DA:39,6
DA:40,6
DA:41,6
DA:44,6
DA:46,6
DA:52,1
DA:53,8
DA:57,8
DA:58,1
DA:59,1
DA:60,1
DA:62,7
DA:63,7
DA:64,7
DA:67,8
DA:69,8
DA:75,1
DA:76,4
DA:77,4
DA:79,4
DA:80,4
DA:81,4
DA:83,4
DA:89,1
DA:90,4
DA:91,4
DA:93,4
DA:94,4
DA:95,4
DA:97,4
DA:103,1
DA:104,8
DA:105,8
DA:106,8
DA:107,8
DA:109,8
DA:111,8
DA:117,1
DA:118,5
LF:55
LH:45
BRDA:18,0,0,0
BRDA:18,0,1,0
BRDA:28,1,0,0
BRDA:28,1,1,0
BRDA:46,2,0,3
BRDA:46,2,1,3
BRDA:52,3,0,1
BRDA:57,4,0,1
BRDA:57,4,1,7
BRDA:118,5,0,3
BRDA:118,5,1,2
BRF:11
BRH:7
end_of_record
